2022-12-14 21:14:50,910 INFO  [Log] **************************************************** 
2022-12-14 21:14:50,910 INFO  [Log] **************************************************** 
2022-12-14 21:14:50,912 INFO  [Log] ~!@#$%^&*()_+  My first test case is Login test  +_)(*&^%$#@!~ 
2022-12-14 21:14:50,912 INFO  [Log] **************************************************** 
2022-12-14 21:14:50,912 INFO  [Log] **************************************************** 
2022-12-14 21:14:50,912 INFO  [Log] My login test is going on 
2022-12-14 21:14:50,912 INFO  [Log] My test case might be failed 
2022-12-14 21:15:15,669 INFO  [Log] My test case is about to complete 
2022-12-14 21:15:15,669 INFO  [Log] ===================================================== 
2022-12-14 21:15:15,670 INFO  [Log] ===================================================== 
2022-12-14 21:15:15,670 INFO  [Log] ~!@#$%^&*()_+  This is my login test again  +_)(*&^%$#@!~ 
2022-12-14 21:15:15,670 INFO  [Log] ===================================================== 
2022-12-14 21:15:15,670 INFO  [Log] ===================================================== 
2022-12-15 02:19:47,056 INFO  [Log] **************************************************** 
2022-12-15 02:19:47,056 INFO  [Log] **************************************************** 
2022-12-15 02:19:47,058 INFO  [Log] =====  My first test case is Login test  ===== 
2022-12-15 02:19:47,058 INFO  [Log] **************************************************** 
2022-12-15 02:19:47,058 INFO  [Log] **************************************************** 
2022-12-15 02:19:47,058 INFO  [Log] My login test is going on 
2022-12-15 02:19:47,058 INFO  [Log] My test case might be failed 
2022-12-15 02:19:57,430 INFO  [Log] My test case is about to complete 
2022-12-15 02:19:57,430 INFO  [Log] ===================================================== 
2022-12-15 02:19:57,430 INFO  [Log] ===================================================== 
2022-12-15 02:19:57,430 INFO  [Log] *****  This is my login test again  ***** 
2022-12-15 02:19:57,430 INFO  [Log] ===================================================== 
2022-12-15 02:19:57,430 INFO  [Log] ===================================================== 
2022-12-15 02:20:24,971 INFO  [Log] **************************************************** 
2022-12-15 02:20:24,971 INFO  [Log] **************************************************** 
2022-12-15 02:20:24,971 INFO  [Log] =====  My first test case is Login test  ===== 
2022-12-15 02:20:24,971 INFO  [Log] **************************************************** 
2022-12-15 02:20:24,971 INFO  [Log] **************************************************** 
2022-12-15 02:20:24,971 INFO  [Log] My login test is going on 
2022-12-15 02:20:24,971 INFO  [Log] My test case might be failed 
2022-12-15 02:20:27,015 INFO  [Log] My test case is about to complete 
2022-12-15 02:20:27,015 INFO  [Log] ===================================================== 
2022-12-15 02:20:27,015 INFO  [Log] ===================================================== 
2022-12-15 02:20:27,015 INFO  [Log] *****  This is my login test again  ***** 
2022-12-15 02:20:27,015 INFO  [Log] ===================================================== 
2022-12-15 02:20:27,015 INFO  [Log] ===================================================== 
2022-12-17 10:16:20,211 INFO  [Log] **************************************************** 
2022-12-17 10:16:20,212 INFO  [Log] **************************************************** 
2022-12-17 10:16:20,214 INFO  [Log] =====  My first test case is Login test  ===== 
2022-12-17 10:16:20,214 INFO  [Log] **************************************************** 
2022-12-17 10:16:20,214 INFO  [Log] **************************************************** 
2022-12-17 10:16:20,214 INFO  [Log] My login test is going on 
2022-12-17 10:16:20,214 INFO  [Log] My test case might be failed 
2022-12-17 10:16:22,866 INFO  [Log] My test case is about to complete 
2022-12-17 10:16:22,866 INFO  [Log] ===================================================== 
2022-12-17 10:16:22,867 INFO  [Log] ===================================================== 
2022-12-17 10:16:22,867 INFO  [Log] *****  This is my login test again  ***** 
2022-12-17 10:16:22,867 INFO  [Log] ===================================================== 
2022-12-17 10:16:22,867 INFO  [Log] ===================================================== 
2022-12-26 12:32:39,249 INFO  [Log] **************************************************** 
2022-12-26 12:32:39,249 INFO  [Log] **************************************************** 
2022-12-26 12:32:39,257 INFO  [Log] =====  My first test case is Login test  ===== 
2022-12-26 12:32:39,257 INFO  [Log] **************************************************** 
2022-12-26 12:32:39,257 INFO  [Log] **************************************************** 
2022-12-26 12:32:39,257 INFO  [Log] My login test is going on 
2022-12-26 12:32:39,257 INFO  [Log] My test case might be failed 
2022-12-26 12:32:49,867 INFO  [Log] My test case is about to complete 
2022-12-26 12:32:49,867 INFO  [Log] ===================================================== 
2022-12-26 12:32:49,867 INFO  [Log] ===================================================== 
2022-12-26 12:32:49,867 INFO  [Log] *****  This is my login test again  ***** 
2022-12-26 12:32:49,867 INFO  [Log] ===================================================== 
2022-12-26 12:32:49,867 INFO  [Log] ===================================================== 
2022-12-26 12:32:51,581 INFO  [Log] **************************************************** 
2022-12-26 12:32:51,581 INFO  [Log] **************************************************** 
2022-12-26 12:32:51,581 INFO  [Log] =====  My first test case is Login test  ===== 
2022-12-26 12:32:51,581 INFO  [Log] **************************************************** 
2022-12-26 12:32:51,581 INFO  [Log] **************************************************** 
2022-12-26 12:32:51,581 INFO  [Log] My login test is going on 
2022-12-26 12:32:51,581 INFO  [Log] My test case might be failed 
2022-12-26 12:33:01,357 INFO  [Log] My test case is about to complete 
2022-12-26 12:33:01,357 INFO  [Log] ===================================================== 
2022-12-26 12:33:01,357 INFO  [Log] ===================================================== 
2022-12-26 12:33:01,357 INFO  [Log] *****  This is my login test again  ***** 
2022-12-26 12:33:01,357 INFO  [Log] ===================================================== 
2022-12-26 12:33:01,357 INFO  [Log] ===================================================== 
2023-01-08 15:31:41,781 INFO  [Log] **************************************************** 
2023-01-08 15:31:41,782 INFO  [Log] **************************************************** 
2023-01-08 15:31:41,786 INFO  [Log] =====  My first test case is Login test  ===== 
2023-01-08 15:31:41,787 INFO  [Log] **************************************************** 
2023-01-08 15:31:41,787 INFO  [Log] **************************************************** 
2023-01-08 15:31:41,787 INFO  [Log] My login test is going on 
2023-01-08 15:31:41,787 INFO  [Log] My test case might be failed 
2023-01-08 15:31:49,936 INFO  [Log] My test case is about to complete 
2023-01-08 15:31:49,936 INFO  [Log] ===================================================== 
2023-01-08 15:31:49,936 INFO  [Log] ===================================================== 
2023-01-08 15:31:49,936 INFO  [Log] *****  This is my login test again  ***** 
2023-01-08 15:31:49,936 INFO  [Log] ===================================================== 
2023-01-08 15:31:49,936 INFO  [Log] ===================================================== 
2023-01-23 01:20:43,097 INFO  [Log] **************************************************** 
2023-01-23 01:20:43,097 INFO  [Log] **************************************************** 
2023-01-23 01:20:43,101 INFO  [Log] =====  My first test case is Login test  ===== 
2023-01-23 01:20:43,101 INFO  [Log] **************************************************** 
2023-01-23 01:20:43,101 INFO  [Log] **************************************************** 
2023-01-23 01:20:43,101 INFO  [Log] My login test is going on 
2023-01-23 01:20:43,102 INFO  [Log] My test case might be failed 
2023-01-23 01:20:45,572 INFO  [Log] My test case is about to complete 
2023-01-23 01:20:45,572 INFO  [Log] ===================================================== 
2023-01-23 01:20:45,572 INFO  [Log] ===================================================== 
2023-01-23 01:20:45,572 INFO  [Log] *****  This is my login test again  ***** 
2023-01-23 01:20:45,572 INFO  [Log] ===================================================== 
2023-01-23 01:20:45,572 INFO  [Log] ===================================================== 
2023-03-08 22:11:47,002 INFO  [Log] **************************************************** 
2023-03-08 22:11:47,002 INFO  [Log] **************************************************** 
2023-03-08 22:11:47,004 INFO  [Log] =====  My first test case is Login test  ===== 
2023-03-08 22:11:47,004 INFO  [Log] **************************************************** 
2023-03-08 22:11:47,004 INFO  [Log] **************************************************** 
2023-03-08 22:11:47,004 INFO  [Log] My login test is going on 
2023-03-08 22:11:47,004 INFO  [Log] My test case might be failed 
2023-03-08 22:11:55,755 INFO  [Log] My test case is about to complete 
2023-03-08 22:11:55,755 INFO  [Log] ===================================================== 
2023-03-08 22:11:55,755 INFO  [Log] ===================================================== 
2023-03-08 22:11:55,755 INFO  [Log] *****  This is my login test again  ***** 
2023-03-08 22:11:55,755 INFO  [Log] ===================================================== 
2023-03-08 22:11:55,755 INFO  [Log] ===================================================== 
2023-03-08 22:21:11,298 INFO  [Log] **************************************************** 
2023-03-08 22:21:11,299 INFO  [Log] **************************************************** 
2023-03-08 22:21:11,300 INFO  [Log] =====  My first test case is Login test  ===== 
2023-03-08 22:21:11,300 INFO  [Log] **************************************************** 
2023-03-08 22:21:11,300 INFO  [Log] **************************************************** 
2023-03-08 22:21:11,300 INFO  [Log] My login test is going on 
2023-03-08 22:21:11,300 INFO  [Log] My test case might be failed 
2023-03-08 22:21:19,968 INFO  [Log] My test case is about to complete 
2023-03-08 22:21:19,968 INFO  [Log] ===================================================== 
2023-03-08 22:21:19,968 INFO  [Log] ===================================================== 
2023-03-08 22:21:19,968 INFO  [Log] *****  This is my login test again  ***** 
2023-03-08 22:21:19,968 INFO  [Log] ===================================================== 
2023-03-08 22:21:19,968 INFO  [Log] ===================================================== 
2023-03-08 22:21:48,067 INFO  [Log] **************************************************** 
2023-03-08 22:21:48,068 INFO  [Log] **************************************************** 
2023-03-08 22:21:48,069 INFO  [Log] =====  My first test case is Login test  ===== 
2023-03-08 22:21:48,069 INFO  [Log] **************************************************** 
2023-03-08 22:21:48,069 INFO  [Log] **************************************************** 
2023-03-08 22:21:48,069 INFO  [Log] My login test is going on 
2023-03-08 22:21:48,069 INFO  [Log] My test case might be failed 
2023-03-08 22:21:57,005 INFO  [Log] My test case is about to complete 
2023-03-08 22:21:57,005 INFO  [Log] ===================================================== 
2023-03-08 22:21:57,005 INFO  [Log] ===================================================== 
2023-03-08 22:21:57,005 INFO  [Log] *****  This is my login test again  ***** 
2023-03-08 22:21:57,005 INFO  [Log] ===================================================== 
2023-03-08 22:21:57,005 INFO  [Log] ===================================================== 
